0 info it worked if it ends with ok
1 verbose cli [ '/usr/bin/node', '/usr/bin/npm', 'run', 'dev-main' ]
2 info using npm@3.5.2
3 info using node@v8.10.0
4 verbose run-script [ 'predev-main', 'dev-main', 'postdev-main' ]
5 info lifecycle test_qa@1.0.0~predev-main: test_qa@1.0.0
6 silly lifecycle test_qa@1.0.0~predev-main: no script for predev-main, continuing
7 info lifecycle test_qa@1.0.0~dev-main: test_qa@1.0.0
8 verbose lifecycle test_qa@1.0.0~dev-main: unsafe-perm in lifecycle true
9 verbose lifecycle test_qa@1.0.0~dev-main: PATH: /usr/share/npm/bin/node-gyp-bin:/home/volodymyr/Documents/Projects/test_qa/node_modules/.bin:/usr/local/sbin:/usr/local/bin:/usr/sbin:/usr/bin:/sbin:/bin:/usr/games:/usr/local/games:/snap/bin
10 verbose lifecycle test_qa@1.0.0~dev-main: CWD: /home/volodymyr/Documents/Projects/test_qa
11 silly lifecycle test_qa@1.0.0~dev-main: Args: [ '-c',
11 silly lifecycle   'webpack-dev-server --mode development --public localhost:8011 --open' ]
12 silly lifecycle test_qa@1.0.0~dev-main: Returned: code: 255  signal: null
13 info lifecycle test_qa@1.0.0~dev-main: Failed to exec dev-main script
14 verbose stack Error: test_qa@1.0.0 dev-main: `webpack-dev-server --mode development --public localhost:8011 --open`
14 verbose stack Exit status 255
14 verbose stack     at EventEmitter.<anonymous> (/usr/share/npm/lib/utils/lifecycle.js:232:16)
14 verbose stack     at emitTwo (events.js:126:13)
14 verbose stack     at EventEmitter.emit (events.js:214:7)
14 verbose stack     at ChildProcess.<anonymous> (/usr/share/npm/lib/utils/spawn.js:24:14)
14 verbose stack     at emitTwo (events.js:126:13)
14 verbose stack     at ChildProcess.emit (events.js:214:7)
14 verbose stack     at maybeClose (internal/child_process.js:925:16)
14 verbose stack     at Process.ChildProcess._handle.onexit (internal/child_process.js:209:5)
15 verbose pkgid test_qa@1.0.0
16 verbose cwd /home/volodymyr/Documents/Projects/test_qa
17 error Linux 4.15.0-33-generic
18 error argv "/usr/bin/node" "/usr/bin/npm" "run" "dev-main"
19 error node v8.10.0
20 error npm  v3.5.2
21 error code ELIFECYCLE
22 error test_qa@1.0.0 dev-main: `webpack-dev-server --mode development --public localhost:8011 --open`
22 error Exit status 255
23 error Failed at the test_qa@1.0.0 dev-main script 'webpack-dev-server --mode development --public localhost:8011 --open'.
23 error Make sure you have the latest version of node.js and npm installed.
23 error If you do, this is most likely a problem with the test_qa package,
23 error not with npm itself.
23 error Tell the author that this fails on your system:
23 error     webpack-dev-server --mode development --public localhost:8011 --open
23 error You can get information on how to open an issue for this project with:
23 error     npm bugs test_qa
23 error Or if that isn't available, you can get their info via:
23 error     npm owner ls test_qa
23 error There is likely additional logging output above.
24 verbose exit [ 1, true ]
